 INFO  example_logger : Initializing scraper...
 INFO  example_logger : Scraper initialized @ Thu May 05 - 22:14.
 INFO  scraper_logger : Initializing scraper...
 INFO  scraper_logger : Scraper initialized @ Thu May 05 - 22:17.
 INFO  scraper_logger : Initializing scraper...
 INFO  scraper_logger : Scraper initialized @ Thu May 05 - 22:17.
 INFO  scraper_logger : Initializing scraper...
 INFO  scraper_logger : Scraper initialized @ Thu May 05 - 22:18.
 INFO  scraper_logger : Running scraper...
 INFO  scraper_logger : Initializing scraper...
 INFO  scraper_logger : Scraper initialized @ Thu May 05 - 22:19.
 INFO  scraper_logger : Running scraper...
 INFO  scraper_logger : Initializing scraper...
 INFO  scraper_logger : Scraper initialized @ Thu May 05 - 22:19.
 INFO  scraper_logger : Running scraper...
 INFO  scraper_logger : Initializing scraper...
 INFO  scraper_logger : Scraper initialized @ Mon May 16 - 20:50.
 INFO  scraper_logger : Running scraper...
 INFO  scraper_logger : CompanyHash: {"name":"ChinaGreenAgriculture,Inc.","symbol":"CGA","market_value":1.33,"pe":"1.58","sector":"BasicMaterials","sub_sector":"AgriculturalChemical\\n","book_value_per_share":9.86,"percentage_of_book_value":0.13,"assets_last_year":429583.0,"liabilities_last_year":56633.0,"difference_to_average":39109.33,"website":"http://www.cgagri.com","purchased":true}
 INFO  scraper_logger : CompanyHash: {"name":"KingoldJewelry,Inc.","symbol":"KGJI","market_value":1.55,"pe":"4.71","sector":"BasicMaterials","sub_sector":"Gold\\n","book_value_per_share":4.03,"percentage_of_book_value":0.38,"assets_last_year":469616.0,"liabilities_last_year":204029.0,"difference_to_average":108794.0,"website":"http://www.kingoldjewelry.com","purchased":true}
 INFO  scraper_logger : CompanyHash: {"name":"L&LEnergy,Inc.","symbol":"LLEN","market_value":0.01,"pe":"0.02","sector":"BasicMaterials","sub_sector":"NonmetallicMineralMining\\n","book_value_per_share":5.72,"percentage_of_book_value":0.0,"assets_last_year":322597.0,"liabilities_last_year":108737.0,"difference_to_average":47094.67,"website":"http://www.lnlinternational.com","purchased":false}
 INFO  scraper_logger : CompanyHash: {"name":"AsiaCarbonIndustries,Inc.","symbol":"ACRB","market_value":0.01,"pe":"0.15","sector":"BasicMaterials","sub_sector":"SpecialtyChemical\\n","book_value_per_share":0.67,"percentage_of_book_value":0.01,"assets_last_year":39808.0,"liabilities_last_year":4237.0,"difference_to_average":6625.33,"website":"http://www.asiacarbonindustries.com","purchased":false}
 INFO  scraper_logger : Initializing scraper...
 INFO  scraper_logger : Scraper initialized @ Mon May 16 - 21:00.
 INFO  scraper_logger : Running scraper...
 INFO  scraper_logger : CompanyHash: {"name":"GulfResources,Inc.","symbol":"GURE","market_value":1.45,"pe":"1.96","sector":"BasicMaterials","sub_sector":"SpecialtyChemical\\n","book_value_per_share":7.35,"percentage_of_book_value":0.2,"assets_last_year":356743.0,"liabilities_last_year":18632.0,"difference_to_average":27086.33,"website":"http://www.gulfresourcesinc.com","purchased":true}
 INFO  scraper_logger : CompanyHash: {"name":"ChinaGreenAgriculture,Inc.","symbol":"CGA","market_value":1.33,"pe":"1.58","sector":"BasicMaterials","sub_sector":"AgriculturalChemical\\n","book_value_per_share":9.86,"percentage_of_book_value":0.13,"assets_last_year":429583.0,"liabilities_last_year":56633.0,"difference_to_average":39109.33,"website":"http://www.cgagri.com","purchased":true}
 INFO  scraper_logger : CompanyHash: {"name":"SORLAutoParts,Inc.","symbol":"SORL","market_value":1.68,"pe":"2.47","sector":"ConsumerGoods","sub_sector":"AutoManufacturer-Major\\n","book_value_per_share":10.37,"percentage_of_book_value":0.16,"assets_last_year":320554.0,"liabilities_last_year":120391.0,"difference_to_average":33740.67,"website":"http://www.sorl.cn","purchased":true}
 INFO  scraper_logger : CompanyHash: {"name":"KingoldJewelry,Inc.","symbol":"KGJI","market_value":1.55,"pe":"4.71","sector":"BasicMaterials","sub_sector":"Gold\\n","book_value_per_share":4.03,"percentage_of_book_value":0.38,"assets_last_year":469616.0,"liabilities_last_year":204029.0,"difference_to_average":108794.0,"website":"http://www.kingoldjewelry.com","purchased":true}
 INFO  scraper_logger : CompanyHash: {"name":"L&LEnergy,Inc.","symbol":"LLEN","market_value":0.01,"pe":"0.02","sector":"BasicMaterials","sub_sector":"NonmetallicMineralMining\\n","book_value_per_share":5.72,"percentage_of_book_value":0.0,"assets_last_year":322597.0,"liabilities_last_year":108737.0,"difference_to_average":47094.67,"website":"http://www.lnlinternational.com","purchased":false}
 INFO  scraper_logger : CompanyHash: {"name":"AoxinTianliGroup,Inc.","symbol":"ABAC","market_value":0.62,"pe":"4.41","sector":"ConsumerGoods","sub_sector":"FarmProduct\\n","book_value_per_share":2.77,"percentage_of_book_value":0.22,"assets_last_year":110910.0,"liabilities_last_year":19100.0,"difference_to_average":21279.67,"website":"http://www.aoxintianli-china.com","purchased":true}
 INFO  scraper_logger : CompanyHash: {"name":"PingtanMarineEnterpriseLtd.","symbol":"PME","market_value":1.27,"pe":"5.39","sector":"ConsumerGoods","sub_sector":"FarmProduct\\n","book_value_per_share":1.9,"percentage_of_book_value":0.67,"assets_last_year":231877.0,"liabilities_last_year":81407.0,"difference_to_average":14864.0,"website":"http://www.ptmarine.com","purchased":true}
 INFO  scraper_logger : CompanyHash: {"name":"AsiaCarbonIndustries,Inc.","symbol":"ACRB","market_value":0.01,"pe":"0.15","sector":"BasicMaterials","sub_sector":"SpecialtyChemical\\n","book_value_per_share":0.67,"percentage_of_book_value":0.01,"assets_last_year":39808.0,"liabilities_last_year":4237.0,"difference_to_average":6625.33,"website":"http://www.asiacarbonindustries.com","purchased":false}
 INFO  scraper_logger : CompanyHash: {"name":"YewBio-PharmGroup,Inc.","symbol":"YEWB","market_value":0.06,"pe":"0.58","sector":"ConsumerGoods","sub_sector":"FarmProduct\\n","book_value_per_share":0.76,"percentage_of_book_value":0.08,"assets_last_year":43811.0,"liabilities_last_year":4641.0,"difference_to_average":5755.33,"website":"http://www.yewbiopharm.com","purchased":false}
 INFO  scraper_logger : CompanyHash: {"name":"GulfResources,Inc.","symbol":"GURE","market_value":1.45,"pe":"1.96","sector":"BasicMaterials","sub_sector":"SpecialtyChemical\\n","book_value_per_share":7.35,"percentage_of_book_value":0.2,"assets_last_year":356743.0,"liabilities_last_year":18632.0,"difference_to_average":27086.33,"website":"http://www.gulfresourcesinc.com","purchased":true}
 INFO  scraper_logger : Initializing scraper...
 INFO  scraper_logger : Scraper initialized @ Mon May 16 - 21:10.
 INFO  scraper_logger : Running scraper...
 INFO  scraper_logger : CompanyHash: {"name":"ChinaGreenAgriculture,Inc.","symbol":"CGA","market_value":1.33,"pe":"1.58","sector":"BasicMaterials","sub_sector":"AgriculturalChemical\\n","book_value_per_share":9.86,"percentage_of_book_value":0.13,"assets_last_year":429583.0,"liabilities_last_year":56633.0,"difference_to_average":39109.33,"website":"http://www.cgagri.com","purchased":true}
 INFO  scraper_logger : CompanyHash: {"name":"NovaLifestyle,Inc.","symbol":"NVFY","market_value":0.57,"pe":"6.56","sector":"ConsumerGoods","sub_sector":"HomeFurnihing&Fixture\\n","book_value_per_share":2.47,"percentage_of_book_value":0.23,"assets_last_year":89748.0,"liabilities_last_year":29756.0,"difference_to_average":12758.0,"website":"http://www.novalifestyle.com","purchased":true}
 INFO  scraper_logger : CompanyHash: {"name":"SenYuInternationalHoldings,","symbol":"CSWG","market_value":0.02,"pe":"0.01","sector":"ConsumerGoods","sub_sector":"MeatProduct\\n","book_value_per_share":3.71,"percentage_of_book_value":0.01,"assets_last_year":68348.0,"liabilities_last_year":7581.0,"difference_to_average":23972.0,"website":"http://www.hljsenyu.com","purchased":false}
 INFO  scraper_logger : CompanyHash: {"name":"SORLAutoParts,Inc.","symbol":"SORL","market_value":1.68,"pe":"2.47","sector":"ConsumerGoods","sub_sector":"AutoManufacturer-Major\\n","book_value_per_share":10.37,"percentage_of_book_value":0.16,"assets_last_year":320554.0,"liabilities_last_year":120391.0,"difference_to_average":33740.67,"website":"http://www.sorl.cn","purchased":true}
 INFO  scraper_logger : CompanyHash: {"name":"KingoldJewelry,Inc.","symbol":"KGJI","market_value":1.55,"pe":"4.71","sector":"BasicMaterials","sub_sector":"Gold\\n","book_value_per_share":4.03,"percentage_of_book_value":0.38,"assets_last_year":469616.0,"liabilities_last_year":204029.0,"difference_to_average":108794.0,"website":"http://www.kingoldjewelry.com","purchased":true}
 INFO  scraper_logger : CompanyHash: {"name":"L&LEnergy,Inc.","symbol":"LLEN","market_value":0.01,"pe":"0.02","sector":"BasicMaterials","sub_sector":"NonmetallicMineralMining\\n","book_value_per_share":5.72,"percentage_of_book_value":0.0,"assets_last_year":322597.0,"liabilities_last_year":108737.0,"difference_to_average":47094.67,"website":"http://www.lnlinternational.com","purchased":false}
 INFO  scraper_logger : CompanyHash: {"name":"AoxinTianliGroup,Inc.","symbol":"ABAC","market_value":0.62,"pe":"4.41","sector":"ConsumerGoods","sub_sector":"FarmProduct\\n","book_value_per_share":2.77,"percentage_of_book_value":0.22,"assets_last_year":110910.0,"liabilities_last_year":19100.0,"difference_to_average":21279.67,"website":"http://www.aoxintianli-china.com","purchased":true}
 INFO  scraper_logger : CompanyHash: {"name":"PingtanMarineEnterpriseLtd.","symbol":"PME","market_value":1.27,"pe":"5.39","sector":"ConsumerGoods","sub_sector":"FarmProduct\\n","book_value_per_share":1.9,"percentage_of_book_value":0.67,"assets_last_year":231877.0,"liabilities_last_year":81407.0,"difference_to_average":14864.0,"website":"http://www.ptmarine.com","purchased":true}
 INFO  scraper_logger : CompanyHash: {"name":"YewBio-PharmGroup,Inc.","symbol":"YEWB","market_value":0.06,"pe":"0.58","sector":"ConsumerGoods","sub_sector":"FarmProduct\\n","book_value_per_share":0.76,"percentage_of_book_value":0.08,"assets_last_year":43811.0,"liabilities_last_year":4641.0,"difference_to_average":5755.33,"website":"http://www.yewbiopharm.com","purchased":false}
 INFO  scraper_logger : CompanyHash: {"name":"AsiaCarbonIndustries,Inc.","symbol":"ACRB","market_value":0.01,"pe":"0.15","sector":"BasicMaterials","sub_sector":"SpecialtyChemical\\n","book_value_per_share":0.67,"percentage_of_book_value":0.01,"assets_last_year":39808.0,"liabilities_last_year":4237.0,"difference_to_average":6625.33,"website":"http://www.asiacarbonindustries.com","purchased":false}
 INFO  scraper_logger : CompanyHash: {"name":"GulfResources,Inc.","symbol":"GURE","market_value":1.45,"pe":"1.96","sector":"BasicMaterials","sub_sector":"SpecialtyChemical\\n","book_value_per_share":7.35,"percentage_of_book_value":0.2,"assets_last_year":356743.0,"liabilities_last_year":18632.0,"difference_to_average":27086.33,"website":"http://www.gulfresourcesinc.com","purchased":true}
 INFO  scraper_logger : Initializing scraper...
 INFO  scraper_logger : Scraper initialized @ Mon May 16 - 21:20.
 INFO  scraper_logger : Running scraper...
 INFO  scraper_logger : CompanyHash: {"name":"NovaLifestyle,Inc.","symbol":"NVFY","market_value":0.57,"pe":"6.56","sector":"ConsumerGoods","sub_sector":"HomeFurnihing&Fixture\\n","book_value_per_share":2.47,"percentage_of_book_value":0.23,"assets_last_year":89748.0,"liabilities_last_year":29756.0,"difference_to_average":12758.0,"website":"http://www.novalifestyle.com","purchased":true}
 INFO  scraper_logger : CompanyHash: {"name":"ChinaGreenAgriculture,Inc.","symbol":"CGA","market_value":1.33,"pe":"1.58","sector":"BasicMaterials","sub_sector":"AgriculturalChemical\\n","book_value_per_share":9.86,"percentage_of_book_value":0.13,"assets_last_year":429583.0,"liabilities_last_year":56633.0,"difference_to_average":39109.33,"website":"http://www.cgagri.com","purchased":true}
 INFO  scraper_logger : CompanyHash: {"name":"SenYuInternationalHoldings,","symbol":"CSWG","market_value":0.02,"pe":"0.01","sector":"ConsumerGoods","sub_sector":"MeatProduct\\n","book_value_per_share":3.71,"percentage_of_book_value":0.01,"assets_last_year":68348.0,"liabilities_last_year":7581.0,"difference_to_average":23972.0,"website":"http://www.hljsenyu.com","purchased":false}
 INFO  scraper_logger : CompanyHash: {"name":"SORLAutoParts,Inc.","symbol":"SORL","market_value":1.68,"pe":"2.47","sector":"ConsumerGoods","sub_sector":"AutoManufacturer-Major\\n","book_value_per_share":10.37,"percentage_of_book_value":0.16,"assets_last_year":320554.0,"liabilities_last_year":120391.0,"difference_to_average":33740.67,"website":"http://www.sorl.cn","purchased":true}
 INFO  scraper_logger : CompanyHash: {"name":"KingoldJewelry,Inc.","symbol":"KGJI","market_value":1.55,"pe":"4.71","sector":"BasicMaterials","sub_sector":"Gold\\n","book_value_per_share":4.03,"percentage_of_book_value":0.38,"assets_last_year":469616.0,"liabilities_last_year":204029.0,"difference_to_average":108794.0,"website":"http://www.kingoldjewelry.com","purchased":true}
 INFO  scraper_logger : CompanyHash: {"name":"OptionTradingCoSA","symbol":"OTCB.BR","market_value":0.47,"pe":"1.20","sector":"Financial","sub_sector":"InvetmentBrokerage-National\\n","book_value_per_share":1.49,"percentage_of_book_value":0.32,"assets_last_year":6000.0,"liabilities_last_year":0.0,"difference_to_average":4000.0,"website":"http://www.optiontrading.be","purchased":false}
 INFO  scraper_logger : CompanyHash: {"name":"AoxinTianliGroup,Inc.","symbol":"ABAC","market_value":0.62,"pe":"4.41","sector":"ConsumerGoods","sub_sector":"FarmProduct\\n","book_value_per_share":2.77,"percentage_of_book_value":0.22,"assets_last_year":110910.0,"liabilities_last_year":19100.0,"difference_to_average":21279.67,"website":"http://www.aoxintianli-china.com","purchased":true}
 INFO  scraper_logger : CompanyHash: {"name":"L&LEnergy,Inc.","symbol":"LLEN","market_value":0.01,"pe":"0.02","sector":"BasicMaterials","sub_sector":"NonmetallicMineralMining\\n","book_value_per_share":5.72,"percentage_of_book_value":0.0,"assets_last_year":322597.0,"liabilities_last_year":108737.0,"difference_to_average":47094.67,"website":"http://www.lnlinternational.com","purchased":false}
 INFO  scraper_logger : CompanyHash: {"name":"PingtanMarineEnterpriseLtd.","symbol":"PME","market_value":1.27,"pe":"5.39","sector":"ConsumerGoods","sub_sector":"FarmProduct\\n","book_value_per_share":1.9,"percentage_of_book_value":0.67,"assets_last_year":231877.0,"liabilities_last_year":81407.0,"difference_to_average":14864.0,"website":"http://www.ptmarine.com","purchased":true}
 INFO  scraper_logger : CompanyHash: {"name":"YewBio-PharmGroup,Inc.","symbol":"YEWB","market_value":0.06,"pe":"0.58","sector":"ConsumerGoods","sub_sector":"FarmProduct\\n","book_value_per_share":0.76,"percentage_of_book_value":0.08,"assets_last_year":43811.0,"liabilities_last_year":4641.0,"difference_to_average":5755.33,"website":"http://www.yewbiopharm.com","purchased":false}
 INFO  scraper_logger : Initializing scraper...
 INFO  scraper_logger : Scraper initialized @ Mon May 16 - 21:30.
 INFO  scraper_logger : Running scraper...
 INFO  scraper_logger : Initializing scraper...
 INFO  scraper_logger : Scraper initialized @ Mon May 16 - 21:40.
 INFO  scraper_logger : Running scraper...
 INFO  scraper_logger : Initializing scraper...
 INFO  scraper_logger : Scraper initialized @ Mon May 16 - 21:50.
 INFO  scraper_logger : Running scraper...
